# JRE version: OpenJDK Runtime Environment (8.0_152) (build 1.8.0_152-release-1343-b16-5323222)
# Java VM: OpenJDK 64-Bit Server VM (25.152-b16-5323222 mixed mode linux-amd64 compressed oops)
Heap:
 PSYoungGen      total 463872K, used 0K [0x00000000e0000000, 0x00000000ffe00000, 0x0000000100000000)
  eden space 444416K, 0% used [0x00000000e0000000,0x00000000e0000000,0x00000000fb200000)
  from space 19456K, 0% used [0x00000000fb200000,0x00000000fb200000,0x00000000fc500000)
  to   space 38912K, 0% used [0x00000000fd800000,0x00000000fd800000,0x00000000ffe00000)
 ParOldGen       total 171008K, used 106516K [0x00000000a0000000, 0x00000000aa700000, 0x00000000e0000000)
  object space 171008K, 62% used [0x00000000a0000000,0x00000000a68052c0,0x00000000aa700000)
 Metaspace       used 97971K, capacity 101570K, committed 103592K, reserved 1138688K
  class space    used 12278K, capacity 12986K, committed 13488K, reserved 1048576K
GC Heap History (10 events):
Event: 3835.713 GC heap after
Heap after GC invocations=55 (full 4):
 PSYoungGen      total 484352K, used 27043K [0x00000000e0000000, 0x0000000100000000, 0x0000000100000000)
  eden space 444928K, 0% used [0x00000000e0000000,0x00000000e0000000,0x00000000fb280000)
  from space 39424K, 68% used [0x00000000fb280000,0x00000000fcce8eb8,0x00000000fd900000)
  to   space 39936K, 0% used [0x00000000fd900000,0x00000000fd900000,0x0000000100000000)
 ParOldGen       total 171008K, used 157353K [0x00000000a0000000, 0x00000000aa700000, 0x00000000e0000000)
  object space 171008K, 92% used [0x00000000a0000000,0x00000000a99aa410,0x00000000aa700000)
 Metaspace       used 98676K, capacity 102748K, committed 103592K, reserved 1138688K
  class space    used 12422K, capacity 13226K, committed 13488K, reserved 1048576K
}
Event: 3839.691 GC heap before
{Heap before GC invocations=56 (full 4):
 PSYoungGen      total 484352K, used 471971K [0x00000000e0000000, 0x0000000100000000, 0x0000000100000000)
  eden space 444928K, 100% used [0x00000000e0000000,0x00000000fb280000,0x00000000fb280000)
  from space 39424K, 68% used [0x00000000fb280000,0x00000000fcce8eb8,0x00000000fd900000)
  to   space 39936K, 0% used [0x00000000fd900000,0x00000000fd900000,0x0000000100000000)
 ParOldGen       total 171008K, used 157353K [0x00000000a0000000, 0x00000000aa700000, 0x00000000e0000000)
  object space 171008K, 92% used [0x00000000a0000000,0x00000000a99aa410,0x00000000aa700000)
 Metaspace       used 98677K, capacity 102748K, committed 103592K, reserved 1138688K
  class space    used 12422K, capacity 13226K, committed 13488K, reserved 1048576K
Event: 3839.822 GC heap after
Heap after GC invocations=56 (full 4):
 PSYoungGen      total 484352K, used 23925K [0x00000000e0000000, 0x00000000fff80000, 0x0000000100000000)
  eden space 444928K, 0% used [0x00000000e0000000,0x00000000e0000000,0x00000000fb280000)
  from space 39424K, 60% used [0x00000000fd900000,0x00000000ff05d400,0x00000000fff80000)
  to   space 39424K, 0% used [0x00000000fb280000,0x00000000fb280000,0x00000000fd900000)
 ParOldGen       total 171008K, used 157513K [0x00000000a0000000, 0x00000000aa700000, 0x00000000e0000000)
  object space 171008K, 92% used [0x00000000a0000000,0x00000000a99d2410,0x00000000aa700000)
 Metaspace       used 98677K, capacity 102748K, committed 103592K, reserved 1138688K
  class space    used 12422K, capacity 13226K, committed 13488K, reserved 1048576K
}
Event: 3842.552 GC heap before
{Heap before GC invocations=57 (full 4):
 PSYoungGen      total 484352K, used 468853K [0x00000000e0000000, 0x00000000fff80000, 0x0000000100000000)
  eden space 444928K, 100% used [0x00000000e0000000,0x00000000fb280000,0x00000000fb280000)
  from space 39424K, 60% used [0x00000000fd900000,0x00000000ff05d400,0x00000000fff80000)
  to   space 39424K, 0% used [0x00000000fb280000,0x00000000fb280000,0x00000000fd900000)
 ParOldGen       total 171008K, used 157513K [0x00000000a0000000, 0x00000000aa700000, 0x00000000e0000000)
  object space 171008K, 92% used [0x00000000a0000000,0x00000000a99d2410,0x00000000aa700000)
 Metaspace       used 98679K, capacity 102748K, committed 103592K, reserved 1138688K
  class space    used 12422K, capacity 13226K, committed 13488K, reserved 1048576K
Event: 3842.630 GC heap after
Heap after GC invocations=57 (full 4):
 PSYoungGen      total 484352K, used 28308K [0x00000000e0000000, 0x0000000100000000, 0x0000000100000000)
  eden space 444928K, 0% used [0x00000000e0000000,0x00000000e0000000,0x00000000fb280000)
  from space 39424K, 71% used [0x00000000fb280000,0x00000000fce253a0,0x00000000fd900000)
  to   space 39936K, 0% used [0x00000000fd900000,0x00000000fd900000,0x0000000100000000)
 ParOldGen       total 171008K, used 157865K [0x00000000a0000000, 0x00000000aa700000, 0x00000000e0000000)
  object space 171008K, 92% used [0x00000000a0000000,0x00000000a9a2a410,0x00000000aa700000)
 Metaspace       used 98679K, capacity 102748K, committed 103592K, reserved 1138688K
  class space    used 12422K, capacity 13226K, committed 13488K, reserved 1048576K
}
Event: 3845.709 GC heap before
{Heap before GC invocations=58 (full 4):
 PSYoungGen      total 484352K, used 473236K [0x00000000e0000000, 0x0000000100000000, 0x0000000100000000)
  eden space 444928K, 100% used [0x00000000e0000000,0x00000000fb280000,0x00000000fb280000)
  from space 39424K, 71% used [0x00000000fb280000,0x00000000fce253a0,0x00000000fd900000)
  to   space 39936K, 0% used [0x00000000fd900000,0x00000000fd900000,0x0000000100000000)
 ParOldGen       total 171008K, used 157865K [0x00000000a0000000, 0x00000000aa700000, 0x00000000e0000000)
  object space 171008K, 92% used [0x00000000a0000000,0x00000000a9a2a410,0x00000000aa700000)
 Metaspace       used 98684K, capacity 102748K, committed 103592K, reserved 1138688K
  class space    used 12422K, capacity 13226K, committed 13488K, reserved 1048576K
Event: 3845.826 GC heap after
Heap after GC invocations=58 (full 4):
 PSYoungGen      total 484352K, used 26326K [0x00000000e0000000, 0x0000000100000000, 0x0000000100000000)
  eden space 444416K, 0% used [0x00000000e0000000,0x00000000e0000000,0x00000000fb200000)
  from space 39936K, 65% used [0x00000000fd900000,0x00000000ff2b5b30,0x0000000100000000)
  to   space 39936K, 0% used [0x00000000fb200000,0x00000000fb200000,0x00000000fd900000)
 ParOldGen       total 171008K, used 157937K [0x00000000a0000000, 0x00000000aa700000, 0x00000000e0000000)
  object space 171008K, 92% used [0x00000000a0000000,0x00000000a9a3c410,0x00000000aa700000)
 Metaspace       used 98684K, capacity 102748K, committed 103592K, reserved 1138688K
  class space    used 12422K, capacity 13226K, committed 13488K, reserved 1048576K
}
Event: 3847.991 GC heap before
{Heap before GC invocations=59 (full 4):
 PSYoungGen      total 484352K, used 470742K [0x00000000e0000000, 0x0000000100000000, 0x0000000100000000)
  eden space 444416K, 100% used [0x00000000e0000000,0x00000000fb200000,0x00000000fb200000)
  from space 39936K, 65% used [0x00000000fd900000,0x00000000ff2b5b30,0x0000000100000000)
  to   space 39936K, 0% used [0x00000000fb200000,0x00000000fb200000,0x00000000fd900000)
 ParOldGen       total 171008K, used 157937K [0x00000000a0000000, 0x00000000aa700000, 0x00000000e0000000)
  object space 171008K, 92% used [0x00000000a0000000,0x00000000a9a3c410,0x00000000aa700000)
 Metaspace       used 98687K, capacity 102748K, committed 103592K, reserved 1138688K
  class space    used 12422K, capacity 13226K, committed 13488K, reserved 1048576K
Event: 3862.878 GC heap after
Heap after GC invocations=59 (full 4):
 PSYoungGen      total 463872K, used 19196K [0x00000000e0000000, 0x00000000ffe00000, 0x0000000100000000)
  eden space 444416K, 0% used [0x00000000e0000000,0x00000000e0000000,0x00000000fb200000)
  from space 19456K, 98% used [0x00000000fb200000,0x00000000fc4bf2d0,0x00000000fc500000)
  to   space 38912K, 0% used [0x00000000fd800000,0x00000000fd800000,0x00000000ffe00000)
 ParOldGen       total 171008K, used 170761K [0x00000000a0000000, 0x00000000aa700000, 0x00000000e0000000)
  object space 171008K, 99% used [0x00000000a0000000,0x00000000aa6c2678,0x00000000aa700000)
 Metaspace       used 98687K, capacity 102748K, committed 103592K, reserved 1138688K
  class space    used 12422K, capacity 13226K, committed 13488K, reserved 1048576K
}
Event: 3862.912 GC heap before
{Heap before GC invocations=60 (full 5):
 PSYoungGen      total 463872K, used 19196K [0x00000000e0000000, 0x00000000ffe00000, 0x0000000100000000)
  eden space 444416K, 0% used [0x00000000e0000000,0x00000000e0000000,0x00000000fb200000)
  from space 19456K, 98% used [0x00000000fb200000,0x00000000fc4bf2d0,0x00000000fc500000)
  to   space 38912K, 0% used [0x00000000fd800000,0x00000000fd800000,0x00000000ffe00000)
 ParOldGen       total 171008K, used 170761K [0x00000000a0000000, 0x00000000aa700000, 0x00000000e0000000)
  object space 171008K, 99% used [0x00000000a0000000,0x00000000aa6c2678,0x00000000aa700000)
 Metaspace       used 98687K, capacity 102748K, committed 103592K, reserved 1138688K
  class space    used 12422K, capacity 13226K, committed 13488K, reserved 1048576K

