# JRE version: OpenJDK Runtime Environment (8.0_152) (build 1.8.0_152-release-1343-b16-5323222)
# Java VM: OpenJDK 64-Bit Server VM (25.152-b16-5323222 mixed mode linux-amd64 compressed oops)
Heap:
 PSYoungGen      total 301568K, used 0K [0x00000000e0000000, 0x00000000f6980000, 0x0000000100000000)
  eden space 275456K, 0% used [0x00000000e0000000,0x00000000e0000000,0x00000000f0d00000)
  from space 26112K, 0% used [0x00000000f0d00000,0x00000000f0d00000,0x00000000f2680000)
  to   space 28672K, 0% used [0x00000000f4d80000,0x00000000f4d80000,0x00000000f6980000)
 ParOldGen       total 80384K, used 72451K [0x00000000a0000000, 0x00000000a4e80000, 0x00000000e0000000)
  object space 80384K, 90% used [0x00000000a0000000,0x00000000a46c0e58,0x00000000a4e80000)
 Metaspace       used 83494K, capacity 86492K, committed 86696K, reserved 1124352K
  class space    used 10814K, capacity 11424K, committed 11440K, reserved 1048576K
GC Heap History (10 events):
Event: 37.537 GC heap after
Heap after GC invocations=16 (full 3):
 PSYoungGen      total 187904K, used 0K [0x00000000e0000000, 0x00000000f0480000, 0x0000000100000000)
  eden space 171520K, 0% used [0x00000000e0000000,0x00000000e0000000,0x00000000ea780000)
  from space 16384K, 0% used [0x00000000ea780000,0x00000000ea780000,0x00000000eb780000)
  to   space 16384K, 0% used [0x00000000ef480000,0x00000000ef480000,0x00000000f0480000)
 ParOldGen       total 80384K, used 29529K [0x00000000a0000000, 0x00000000a4e80000, 0x00000000e0000000)
  object space 80384K, 36% used [0x00000000a0000000,0x00000000a1cd6608,0x00000000a4e80000)
 Metaspace       used 57515K, capacity 59056K, committed 59160K, reserved 1099776K
  class space    used 7725K, capacity 8091K, committed 8112K, reserved 1048576K
}
Event: 50.634 GC heap before
{Heap before GC invocations=17 (full 3):
 PSYoungGen      total 187904K, used 171520K [0x00000000e0000000, 0x00000000f0480000, 0x0000000100000000)
  eden space 171520K, 100% used [0x00000000e0000000,0x00000000ea780000,0x00000000ea780000)
  from space 16384K, 0% used [0x00000000ea780000,0x00000000ea780000,0x00000000eb780000)
  to   space 16384K, 0% used [0x00000000ef480000,0x00000000ef480000,0x00000000f0480000)
 ParOldGen       total 80384K, used 29529K [0x00000000a0000000, 0x00000000a4e80000, 0x00000000e0000000)
  object space 80384K, 36% used [0x00000000a0000000,0x00000000a1cd6608,0x00000000a4e80000)
 Metaspace       used 64229K, capacity 66226K, committed 66472K, reserved 1105920K
  class space    used 8649K, capacity 9117K, committed 9136K, reserved 1048576K
Event: 51.019 GC heap after
Heap after GC invocations=17 (full 3):
 PSYoungGen      total 237056K, used 16369K [0x00000000e0000000, 0x00000000f0480000, 0x0000000100000000)
  eden space 220672K, 0% used [0x00000000e0000000,0x00000000e0000000,0x00000000ed780000)
  from space 16384K, 99% used [0x00000000ef480000,0x00000000f047c470,0x00000000f0480000)
  to   space 20480K, 0% used [0x00000000edc80000,0x00000000edc80000,0x00000000ef080000)
 ParOldGen       total 80384K, used 33449K [0x00000000a0000000, 0x00000000a4e80000, 0x00000000e0000000)
  object space 80384K, 41% used [0x00000000a0000000,0x00000000a20aa600,0x00000000a4e80000)
 Metaspace       used 64229K, capacity 66226K, committed 66472K, reserved 1105920K
  class space    used 8649K, capacity 9117K, committed 9136K, reserved 1048576K
}
Event: 65.097 GC heap before
{Heap before GC invocations=18 (full 3):
 PSYoungGen      total 237056K, used 237041K [0x00000000e0000000, 0x00000000f0480000, 0x0000000100000000)
  eden space 220672K, 100% used [0x00000000e0000000,0x00000000ed780000,0x00000000ed780000)
  from space 16384K, 99% used [0x00000000ef480000,0x00000000f047c470,0x00000000f0480000)
  to   space 20480K, 0% used [0x00000000edc80000,0x00000000edc80000,0x00000000ef080000)
 ParOldGen       total 80384K, used 33449K [0x00000000a0000000, 0x00000000a4e80000, 0x00000000e0000000)
  object space 80384K, 41% used [0x00000000a0000000,0x00000000a20aa600,0x00000000a4e80000)
 Metaspace       used 68585K, capacity 70810K, committed 71208K, reserved 1110016K
  class space    used 9168K, capacity 9649K, committed 9776K, reserved 1048576K
Event: 65.338 GC heap after
Heap after GC invocations=18 (full 3):
 PSYoungGen      total 246272K, used 15101K [0x00000000e0000000, 0x00000000f3c00000, 0x0000000100000000)
  eden space 225792K, 0% used [0x00000000e0000000,0x00000000e0000000,0x00000000edc80000)
  from space 20480K, 73% used [0x00000000edc80000,0x00000000eeb3f7e8,0x00000000ef080000)
  to   space 22016K, 0% used [0x00000000f2680000,0x00000000f2680000,0x00000000f3c00000)
 ParOldGen       total 80384K, used 47264K [0x00000000a0000000, 0x00000000a4e80000, 0x00000000e0000000)
  object space 80384K, 58% used [0x00000000a0000000,0x00000000a2e283c0,0x00000000a4e80000)
 Metaspace       used 68585K, capacity 70810K, committed 71208K, reserved 1110016K
  class space    used 9168K, capacity 9649K, committed 9776K, reserved 1048576K
}
Event: 220.763 GC heap before
{Heap before GC invocations=19 (full 3):
 PSYoungGen      total 246272K, used 240893K [0x00000000e0000000, 0x00000000f3c00000, 0x0000000100000000)
  eden space 225792K, 100% used [0x00000000e0000000,0x00000000edc80000,0x00000000edc80000)
  from space 20480K, 73% used [0x00000000edc80000,0x00000000eeb3f7e8,0x00000000ef080000)
  to   space 22016K, 0% used [0x00000000f2680000,0x00000000f2680000,0x00000000f3c00000)
 ParOldGen       total 80384K, used 47264K [0x00000000a0000000, 0x00000000a4e80000, 0x00000000e0000000)
  object space 80384K, 58% used [0x00000000a0000000,0x00000000a2e283c0,0x00000000a4e80000)
 Metaspace       used 75136K, capacity 77668K, committed 77736K, reserved 1116160K
  class space    used 9863K, capacity 10413K, committed 10416K, reserved 1048576K
Event: 221.038 GC heap after
Heap after GC invocations=19 (full 3):
 PSYoungGen      total 297472K, used 21997K [0x00000000e0000000, 0x00000000f4200000, 0x0000000100000000)
  eden space 275456K, 0% used [0x00000000e0000000,0x00000000e0000000,0x00000000f0d00000)
  from space 22016K, 99% used [0x00000000f2680000,0x00000000f3bfb790,0x00000000f3c00000)
  to   space 26112K, 0% used [0x00000000f0d00000,0x00000000f0d00000,0x00000000f2680000)
 ParOldGen       total 80384K, used 49472K [0x00000000a0000000, 0x00000000a4e80000, 0x00000000e0000000)
  object space 80384K, 61% used [0x00000000a0000000,0x00000000a3050330,0x00000000a4e80000)
 Metaspace       used 75136K, capacity 77668K, committed 77736K, reserved 1116160K
  class space    used 9863K, capacity 10413K, committed 10416K, reserved 1048576K
}
Event: 268.278 GC heap before
{Heap before GC invocations=20 (full 3):
 PSYoungGen      total 297472K, used 297453K [0x00000000e0000000, 0x00000000f4200000, 0x0000000100000000)
  eden space 275456K, 100% used [0x00000000e0000000,0x00000000f0d00000,0x00000000f0d00000)
  from space 22016K, 99% used [0x00000000f2680000,0x00000000f3bfb790,0x00000000f3c00000)
  to   space 26112K, 0% used [0x00000000f0d00000,0x00000000f0d00000,0x00000000f2680000)
 ParOldGen       total 80384K, used 49472K [0x00000000a0000000, 0x00000000a4e80000, 0x00000000e0000000)
  object space 80384K, 61% used [0x00000000a0000000,0x00000000a3050330,0x00000000a4e80000)
 Metaspace       used 83495K, capacity 86498K, committed 86696K, reserved 1124352K
  class space    used 10815K, capacity 11425K, committed 11440K, reserved 1048576K
Event: 268.660 GC heap after
Heap after GC invocations=20 (full 3):
 PSYoungGen      total 301568K, used 20874K [0x00000000e0000000, 0x00000000f6980000, 0x0000000100000000)
  eden space 275456K, 0% used [0x00000000e0000000,0x00000000e0000000,0x00000000f0d00000)
  from space 26112K, 79% used [0x00000000f0d00000,0x00000000f2162a68,0x00000000f2680000)
  to   space 28672K, 0% used [0x00000000f4d80000,0x00000000f4d80000,0x00000000f6980000)
 ParOldGen       total 80384K, used 68591K [0x00000000a0000000, 0x00000000a4e80000, 0x00000000e0000000)
  object space 80384K, 85% used [0x00000000a0000000,0x00000000a42fbd68,0x00000000a4e80000)
 Metaspace       used 83495K, capacity 86498K, committed 86696K, reserved 1124352K
  class space    used 10815K, capacity 11425K, committed 11440K, reserved 1048576K
}
Event: 268.700 GC heap before
{Heap before GC invocations=21 (full 4):
 PSYoungGen      total 301568K, used 20874K [0x00000000e0000000, 0x00000000f6980000, 0x0000000100000000)
  eden space 275456K, 0% used [0x00000000e0000000,0x00000000e0000000,0x00000000f0d00000)
  from space 26112K, 79% used [0x00000000f0d00000,0x00000000f2162a68,0x00000000f2680000)
  to   space 28672K, 0% used [0x00000000f4d80000,0x00000000f4d80000,0x00000000f6980000)
 ParOldGen       total 80384K, used 68591K [0x00000000a0000000, 0x00000000a4e80000, 0x00000000e0000000)
  object space 80384K, 85% used [0x00000000a0000000,0x00000000a42fbd68,0x00000000a4e80000)
 Metaspace       used 83495K, capacity 86498K, committed 86696K, reserved 1124352K
  class space    used 10815K, capacity 11425K, committed 11440K, reserved 1048576K

