# JRE version: OpenJDK Runtime Environment (8.0_152) (build 1.8.0_152-release-1343-b16-5323222)
# Java VM: OpenJDK 64-Bit Server VM (25.152-b16-5323222 mixed mode linux-amd64 compressed oops)
Heap:
 PSYoungGen      total 289792K, used 24032K [0x00000000e0000000, 0x00000000f3400000, 0x0000000100000000)
  eden space 265728K, 0% used [0x00000000e0000000,0x00000000e0000000,0x00000000f0380000)
  from space 24064K, 99% used [0x00000000f0500000,0x00000000f1c780a0,0x00000000f1c80000)
  to   space 20992K, 0% used [0x00000000f1f80000,0x00000000f1f80000,0x00000000f3400000)
 ParOldGen       total 79872K, used 60078K [0x00000000a0000000, 0x00000000a4e00000, 0x00000000e0000000)
  object space 79872K, 75% used [0x00000000a0000000,0x00000000a3aabad0,0x00000000a4e00000)
 Metaspace       used 78729K, capacity 81664K, committed 81940K, reserved 1120256K
  class space    used 10347K, capacity 11009K, committed 11068K, reserved 1048576K
GC Heap History (10 events):
Event: 21.444 GC heap after
Heap after GC invocations=15 (full 2):
 PSYoungGen      total 186880K, used 2842K [0x00000000e0000000, 0x00000000efd00000, 0x0000000100000000)
  eden space 170496K, 0% used [0x00000000e0000000,0x00000000e0000000,0x00000000ea680000)
  from space 16384K, 17% used [0x00000000ea680000,0x00000000ea946b28,0x00000000eb680000)
  to   space 16384K, 0% used [0x00000000eed00000,0x00000000eed00000,0x00000000efd00000)
 ParOldGen       total 53248K, used 33697K [0x00000000a0000000, 0x00000000a3400000, 0x00000000e0000000)
  object space 53248K, 63% used [0x00000000a0000000,0x00000000a20e84b8,0x00000000a3400000)
 Metaspace       used 57581K, capacity 58962K, committed 59028K, reserved 1099776K
  class space    used 7744K, capacity 8100K, committed 8124K, reserved 1048576K
}
Event: 21.444 GC heap before
{Heap before GC invocations=16 (full 3):
 PSYoungGen      total 186880K, used 2842K [0x00000000e0000000, 0x00000000efd00000, 0x0000000100000000)
  eden space 170496K, 0% used [0x00000000e0000000,0x00000000e0000000,0x00000000ea680000)
  from space 16384K, 17% used [0x00000000ea680000,0x00000000ea946b28,0x00000000eb680000)
  to   space 16384K, 0% used [0x00000000eed00000,0x00000000eed00000,0x00000000efd00000)
 ParOldGen       total 53248K, used 33697K [0x00000000a0000000, 0x00000000a3400000, 0x00000000e0000000)
  object space 53248K, 63% used [0x00000000a0000000,0x00000000a20e84b8,0x00000000a3400000)
 Metaspace       used 57581K, capacity 58962K, committed 59028K, reserved 1099776K
  class space    used 7744K, capacity 8100K, committed 8124K, reserved 1048576K
Event: 21.862 GC heap after
Heap after GC invocations=16 (full 3):
 PSYoungGen      total 186880K, used 0K [0x00000000e0000000, 0x00000000efd00000, 0x0000000100000000)
  eden space 170496K, 0% used [0x00000000e0000000,0x00000000e0000000,0x00000000ea680000)
  from space 16384K, 0% used [0x00000000ea680000,0x00000000ea680000,0x00000000eb680000)
  to   space 16384K, 0% used [0x00000000eed00000,0x00000000eed00000,0x00000000efd00000)
 ParOldGen       total 79872K, used 30281K [0x00000000a0000000, 0x00000000a4e00000, 0x00000000e0000000)
  object space 79872K, 37% used [0x00000000a0000000,0x00000000a1d924a0,0x00000000a4e00000)
 Metaspace       used 57581K, capacity 58962K, committed 59028K, reserved 1099776K
  class space    used 7744K, capacity 8100K, committed 8124K, reserved 1048576K
}
Event: 27.799 GC heap before
{Heap before GC invocations=17 (full 3):
 PSYoungGen      total 186880K, used 170496K [0x00000000e0000000, 0x00000000efd00000, 0x0000000100000000)
  eden space 170496K, 100% used [0x00000000e0000000,0x00000000ea680000,0x00000000ea680000)
  from space 16384K, 0% used [0x00000000ea680000,0x00000000ea680000,0x00000000eb680000)
  to   space 16384K, 0% used [0x00000000eed00000,0x00000000eed00000,0x00000000efd00000)
 ParOldGen       total 79872K, used 30281K [0x00000000a0000000, 0x00000000a4e00000, 0x00000000e0000000)
  object space 79872K, 37% used [0x00000000a0000000,0x00000000a1d924a0,0x00000000a4e00000)
 Metaspace       used 63098K, capacity 65004K, committed 65172K, reserved 1105920K
  class space    used 8447K, capacity 8872K, committed 8892K, reserved 1048576K
Event: 27.908 GC heap after
Heap after GC invocations=17 (full 3):
 PSYoungGen      total 234496K, used 16364K [0x00000000e0000000, 0x00000000efd00000, 0x0000000100000000)
  eden space 218112K, 0% used [0x00000000e0000000,0x00000000e0000000,0x00000000ed500000)
  from space 16384K, 99% used [0x00000000eed00000,0x00000000efcfb060,0x00000000efd00000)
  to   space 19968K, 0% used [0x00000000ed600000,0x00000000ed600000,0x00000000ee980000)
 ParOldGen       total 79872K, used 33050K [0x00000000a0000000, 0x00000000a4e00000, 0x00000000e0000000)
  object space 79872K, 41% used [0x00000000a0000000,0x00000000a2046b88,0x00000000a4e00000)
 Metaspace       used 63098K, capacity 65004K, committed 65172K, reserved 1105920K
  class space    used 8447K, capacity 8872K, committed 8892K, reserved 1048576K
}
Event: 36.515 GC heap before
{Heap before GC invocations=18 (full 3):
 PSYoungGen      total 234496K, used 234476K [0x00000000e0000000, 0x00000000efd00000, 0x0000000100000000)
  eden space 218112K, 100% used [0x00000000e0000000,0x00000000ed500000,0x00000000ed500000)
  from space 16384K, 99% used [0x00000000eed00000,0x00000000efcfb060,0x00000000efd00000)
  to   space 19968K, 0% used [0x00000000ed600000,0x00000000ed600000,0x00000000ee980000)
 ParOldGen       total 79872K, used 33050K [0x00000000a0000000, 0x00000000a4e00000, 0x00000000e0000000)
  object space 79872K, 41% used [0x00000000a0000000,0x00000000a2046b88,0x00000000a4e00000)
 Metaspace       used 68010K, capacity 70044K, committed 70292K, reserved 1110016K
  class space    used 9063K, capacity 9548K, committed 9660K, reserved 1048576K
Event: 36.601 GC heap after
Heap after GC invocations=18 (full 3):
 PSYoungGen      total 239104K, used 13996K [0x00000000e0000000, 0x00000000f3400000, 0x0000000100000000)
  eden space 219136K, 0% used [0x00000000e0000000,0x00000000e0000000,0x00000000ed600000)
  from space 19968K, 70% used [0x00000000ed600000,0x00000000ee3ab228,0x00000000ee980000)
  to   space 20992K, 0% used [0x00000000f1f80000,0x00000000f1f80000,0x00000000f3400000)
 ParOldGen       total 79872K, used 47242K [0x00000000a0000000, 0x00000000a4e00000, 0x00000000e0000000)
  object space 79872K, 59% used [0x00000000a0000000,0x00000000a2e22a68,0x00000000a4e00000)
 Metaspace       used 68010K, capacity 70044K, committed 70292K, reserved 1110016K
  class space    used 9063K, capacity 9548K, committed 9660K, reserved 1048576K
}
Event: 3603.912 GC heap before
{Heap before GC invocations=19 (full 3):
 PSYoungGen      total 239104K, used 233132K [0x00000000e0000000, 0x00000000f3400000, 0x0000000100000000)
  eden space 219136K, 100% used [0x00000000e0000000,0x00000000ed600000,0x00000000ed600000)
  from space 19968K, 70% used [0x00000000ed600000,0x00000000ee3ab228,0x00000000ee980000)
  to   space 20992K, 0% used [0x00000000f1f80000,0x00000000f1f80000,0x00000000f3400000)
 ParOldGen       total 79872K, used 47242K [0x00000000a0000000, 0x00000000a4e00000, 0x00000000e0000000)
  object space 79872K, 59% used [0x00000000a0000000,0x00000000a2e22a68,0x00000000a4e00000)
 Metaspace       used 75748K, capacity 78334K, committed 78612K, reserved 1118208K
  class space    used 9946K, capacity 10496K, committed 10556K, reserved 1048576K
Event: 3605.487 GC heap after
Heap after GC invocations=19 (full 3):
 PSYoungGen      total 286720K, used 20847K [0x00000000e0000000, 0x00000000f3400000, 0x0000000100000000)
  eden space 265728K, 0% used [0x00000000e0000000,0x00000000e0000000,0x00000000f0380000)
  from space 20992K, 99% used [0x00000000f1f80000,0x00000000f33dbfc0,0x00000000f3400000)
  to   space 24064K, 0% used [0x00000000f0500000,0x00000000f0500000,0x00000000f1c80000)
 ParOldGen       total 79872K, used 47250K [0x00000000a0000000, 0x00000000a4e00000, 0x00000000e0000000)
  object space 79872K, 59% used [0x00000000a0000000,0x00000000a2e24a68,0x00000000a4e00000)
 Metaspace       used 75748K, capacity 78334K, committed 78612K, reserved 1118208K
  class space    used 9946K, capacity 10496K, committed 10556K, reserved 1048576K
}
Event: 3617.877 GC heap before
{Heap before GC invocations=20 (full 3):
 PSYoungGen      total 286720K, used 286575K [0x00000000e0000000, 0x00000000f3400000, 0x0000000100000000)
  eden space 265728K, 100% used [0x00000000e0000000,0x00000000f0380000,0x00000000f0380000)
  from space 20992K, 99% used [0x00000000f1f80000,0x00000000f33dbfc0,0x00000000f3400000)
  to   space 24064K, 0% used [0x00000000f0500000,0x00000000f0500000,0x00000000f1c80000)
 ParOldGen       total 79872K, used 47250K [0x00000000a0000000, 0x00000000a4e00000, 0x00000000e0000000)
  object space 79872K, 59% used [0x00000000a0000000,0x00000000a2e24a68,0x00000000a4e00000)
 Metaspace       used 78729K, capacity 81664K, committed 81940K, reserved 1120256K
  class space    used 10347K, capacity 11009K, committed 11068K, reserved 1048576K

